<?xml version="1.0" encoding="UTF-8"?>
<coverage generated="1742531865372" clover="3.2.0">
  <project timestamp="1742531865373" name="All files">
    <metrics statements="15" coveredstatements="6" conditionals="0" coveredconditionals="0" methods="5" coveredmethods="1" elements="20" coveredelements="7" complexity="0" loc="15" ncloc="15" packages="1" files="1" classes="1"/>
    <file name="contentController.ts" path="C:\Users\asus\Documents\La Pocilga (Desarrollo de Software)\11GHCopilot\cms-api\src\controllers\contentController.ts">
      <metrics statements="15" coveredstatements="6" conditionals="0" coveredconditionals="0" methods="5" coveredmethods="1"/>
      <line num="3" count="1" type="stmt"/>
      <line num="4" count="1" type="stmt"/>
      <line num="7" count="1" type="stmt"/>
      <line num="8" count="0" type="stmt"/>
      <line num="9" count="0" type="stmt"/>
      <line num="12" count="1" type="stmt"/>
      <line num="13" count="0" type="stmt"/>
      <line num="14" count="0" type="stmt"/>
      <line num="17" count="1" type="stmt"/>
      <line num="18" count="0" type="stmt"/>
      <line num="19" count="0" type="stmt"/>
      <line num="20" count="0" type="stmt"/>
      <line num="23" count="1" type="stmt"/>
      <line num="24" count="0" type="stmt"/>
      <line num="25" count="0" type="stmt"/>
    </file>
  </project>
</coverage>
